<?xml version="1.0" encoding="UTF-8"?>
<!-- Generated by org.testng.reporters.JUnitReportReporter -->
<testsuite hostname="Ranjanas-MBP" failures="0" tests="1" name="com.MobTest.testcases.MyTest" time="65.396" errors="0" timestamp="2023-05-08T09:19:05 CEST" skipped="0">
  <testcase classname="com.MobTest.testcases.MyTest" name="Assignment" time="65.396"/>
  <system-out>
    <![CDATA[<mark><b> Assignment Task: Online Table Reservation  </b></mark> </br>
&nbsp&nbsp&nbsp&nbsp&nbsp&nbsp&nbsp &#9830; <i>Click On Get Started</i>
&nbsp&nbsp&nbsp&nbsp&nbsp&nbsp&nbsp &#9830; <i> Found Layouts</i>
<strong>Put application in the Background </strong>
&nbsp&nbsp&nbsp&nbsp&nbsp&nbsp&nbsp &#9830; <i>Activate App</i>
<strong>Navigate To Reservations</strong>
&nbsp&nbsp&nbsp&nbsp&nbsp&nbsp&nbsp &#9830; <i>Click On + (New reservation) icon</i>
<strong>New Reservation</strong>
&nbsp&nbsp&nbsp&nbsp&nbsp&nbsp&nbsp &#9830; <i>Name: Test091835</i>
&nbsp&nbsp&nbsp&nbsp&nbsp&nbsp&nbsp &#9830; <i>Phone: 0805091836</i>
&nbsp&nbsp&nbsp&nbsp&nbsp&nbsp&nbsp &#9830; <i>Date: Mon 08.05</i>
&nbsp&nbsp&nbsp&nbsp&nbsp&nbsp&nbsp &#9830; <i>Time: 09:18 am</i>
&nbsp&nbsp&nbsp&nbsp&nbsp&nbsp&nbsp &#9830; <i>Guest: 2 guests</i>
&nbsp&nbsp&nbsp&nbsp&nbsp&nbsp&nbsp &#9830; <i>3rd floor</i>
&nbsp&nbsp&nbsp&nbsp&nbsp&nbsp&nbsp &#9830; <i>Table: 4</i>
&nbsp&nbsp&nbsp&nbsp&nbsp&nbsp&nbsp &#9830; <i>Origin: online</i>
&nbsp&nbsp&nbsp&nbsp&nbsp&nbsp&nbsp &#9830; <i>Clik on Done</i>
<strong>Select old request and close</strong>
&nbsp&nbsp&nbsp&nbsp&nbsp&nbsp&nbsp &#9830; <i>Edit resevation</i>
&nbsp&nbsp&nbsp&nbsp&nbsp&nbsp&nbsp &#9830; <i>Click on Back Button</i>
<strong>Click on Menu</strong>
<strong>Click on Code Sample</strong>
&nbsp&nbsp&nbsp&nbsp&nbsp&nbsp&nbsp &#9830; <i>github.com/NativeScript/nativescript-sdk-examples-js</i>
&nbsp&nbsp&nbsp&nbsp&nbsp&nbsp&nbsp &#9830; <i>Close broswer</i>
&nbsp&nbsp&nbsp&nbsp&nbsp&nbsp&nbsp &#9830; <i>Activate App</i>
</br><a href='./screenshots/Assignment.png'> <img src='./screenshots/Assignment.png' height='300' width='180' /> </a></br>]]>
  </system-out>
</testsuite> <!-- com.MobTest.testcases.MyTest -->
